<?xml version="1.0" encoding="UTF-8"?>
<!-- Generated by org.testng.reporters.JUnitXMLReporter -->
<testsuite ignored="0" hostname="Users-MacBook-Air.local" failures="0" tests="15" name="Zalora" time="77.232" errors="0" timestamp="2022-08-15T02:57:17 WIB">
  <testcase classname="ctcorp.iviewUI.testCase.UIcase" name="TC01" time="8.394"/>
  <testcase classname="ctcorp.iviewUI.testCase.UIcase" name="TC02" time="5.992"/>
  <testcase classname="ctcorp.iviewUI.testCase.UIcase" name="TC03" time="5.577"/>
  <testcase classname="ctcorp.iviewUI.testCase.UIcase" name="TC04" time="5.592"/>
  <testcase classname="ctcorp.iviewUI.testCase.UIcase" name="TC05" time="5.583"/>
  <testcase classname="ctcorp.iviewUI.testCase.UIcase" name="TC06" time="3.431"/>
  <testcase classname="ctcorp.iviewUI.testCase.UIcase" name="TC07" time="3.232"/>
  <testcase classname="ctcorp.iviewUI.testCase.UIcase" name="TC08" time="3.253"/>
  <testcase classname="ctcorp.iviewUI.testCase.UIcase" name="TC09" time="3.274"/>
  <testcase classname="ctcorp.iviewUI.testCase.UIcase" name="TC10" time="3.683"/>
  <testcase classname="ctcorp.iviewUI.testCase.UIcase" name="TC11" time="3.706"/>
  <testcase classname="ctcorp.iviewUI.testCase.UIcase" name="TC12" time="3.412"/>
  <testcase classname="ctcorp.iviewUI.testCase.UIcase" name="TC13" time="3.292"/>
  <testcase classname="ctcorp.iviewUI.testCase.UIcase" name="TC14" time="3.509"/>
  <testcase classname="ctcorp.iviewUI.testCase.UIcase" name="TC15" time="4.901"/>
</testsuite> <!-- Zalora -->
